<?xml version="1.0" encoding="UTF-8"?>
<testng-results skipped="0" failed="0" ignored="0" total="1" passed="1">
  <reporter-output>
  </reporter-output>
  <suite name="Suite" duration-ms="30" started-at="2018-03-02T09:14:00Z" finished-at="2018-03-02T09:14:00Z">
    <groups>
    </groups>
    <test name="Test" duration-ms="30" started-at="2018-03-02T09:14:00Z" finished-at="2018-03-02T09:14:00Z">
      <class name="mavenProject.DemoTest">
        <test-method status="PASS" signature="testA()[pri:0, instance:mavenProject.DemoTest@3aeaafa6]" name="testA" duration-ms="10" started-at="2018-03-02T09:14:00Z" finished-at="2018-03-02T09:14:00Z">
          <reporter-output>
          </reporter-output>
        </test-method> <!-- testA -->
      </class> <!-- mavenProject.DemoTest -->
    </test> <!-- Test -->
  </suite> <!-- Suite -->
</testng-results>
